<?xml version="1.0" encoding="UTF-8"?>
<robot generator="Robot 4.1.2 (Python 3.9.1 on win32)" generated="20220131 23:14:32.755" rpa="false" schemaversion="2">
<suite id="s1" name="Restapi" source="C:\Users\007\PycharmProjects\robotframe-rest-api\Automation\restapi.robot">
<test id="s1-t1" name="Flow create update delete">
<kw name="CHECK_DATA" library="resource">
<kw name="Create Session" library="RequestsLibrary">
<arg>GetData</arg>
<arg>${base_url}</arg>
<doc>Create Session: create a HTTP session to a server</doc>
<msg timestamp="20220131 23:14:33.859" level="INFO">Creating Session using : alias=GetData, url=http://thetestingworldapi.com/, headers={},                     cookies={}, auth=None, timeout=None, proxies=None, verify=False,                     debug=0 </msg>
<status status="PASS" starttime="20220131 23:14:33.859" endtime="20220131 23:14:33.859"/>
</kw>
<kw name="GET On Session" library="RequestsLibrary">
<var>${response}</var>
<arg>GetData</arg>
<arg>/api/studentsDetails/</arg>
<arg>expected_status=200</arg>
<doc>Sends a GET request on a previously created HTTP Session.</doc>
<msg timestamp="20220131 23:14:34.128" level="INFO">GET Request : url=http://thetestingworldapi.com/api/studentsDetails/ 
 path_url=/api/studentsDetails/ 
 headers={'User-Agent': 'python-requests/2.26.0', 'Accept-Encoding': 'gzip, deflate', 'Accept': '*/*', 'Connection': 'keep-alive'} 
 body=None 
 </msg>
<msg timestamp="20220131 23:14:34.128" level="INFO">GET Response : url=http://thetestingworldapi.com/api/studentsDetails/ 
 status=200, reason=OK 
 headers={'Cache-Control': 'no-cache', 'Pragma': 'no-cache', 'Content-Type': 'application/json; charset=utf-8', 'Expires': '-1', 'Server': 'Microsoft-IIS/8.5', 'X-AspNet-Version': '4.0.30319', 'X-Powered-By': 'ASP.NET', 'X-Powered-By-Plesk': 'PleskWin', 'Date': 'Mon, 31 Jan 2022 16:14:35 GMT', 'Content-Length': '10930'} 
 body=[{"id":548519,"first_name":"hey","middle_name":" 3","last_name":"s 4","date_of_birth":"12/12/125"},{"id":548518,"first_name":"{{fist_name}}","middle_name":"{{middle_name}}","last_name":"{{last_name}}","date_of_birth":"{{date_of_birth}}"},{"id":548517,"first_name":"TestAL","middle_name":"TestBB","last_name":"TestCC","date_of_birth":"01/01/1990"},{"id":548516,"first_name":"TestAK","middle_name":"TestBB","last_name":"TestCKB","date_of_birth":"01/01/1990"},{"id":548515,"first_name":"TestAJ","middle_name":"TestBB","last_name":"TestCC","date_of_birth":"01/01/1990"},{"id":548514,"first_name":"TestAI","middle_name":"TestBB","last_name":"TestCK","date_of_birth":"01/01/1990"},{"id":548513,"first_name":"TestAH","middle_name":"TestBB","last_name":"TestCL","date_of_birth":"01/01/1990"},{"id":548512,"first_name":"TestAG","middle_name":"TestBB","last_name":"TestCC","date_of_birth":"01/01/1990"},{"id":548511,"first_name":"TestAF","middle_name":"TestBB","last_name":"TestCC","date_of_birth":"01/01/1990"},{"id":548510,"first_name":"TestAE","middle_name":"TestBB","last_name":"TestCC","date_of_birth":"01/01/1990"},{"id":548509,"first_name":"TestAD","middle_name":"TestBB","last_name":"TestCC","date_of_birth":"01/01/1990"},{"id":548508,"first_name":"TestAC","middle_name":"TestBB","last_name":"TestCC","date_of_birth":"01/01/1990"},{"id":548507,"first_name":"TestAB","middle_name":"TestBB","last_name":"TestCMB","date_of_birth":"01/01/1990"},{"id":548506,"first_name":"TestAA","middle_name":"TestBB","last_name":"TestCM","date_of_birth":"01/01/1990"},{"id":548505,"first_name":"TestAA","middle_name":"TestBB","last_name":"TestCM","date_of_birth":"01/01/1990"},{"id":548504,"first_name":"TestAA","middle_name":"TestBB","last_name":"TestCM","date_of_birth":"01/01/1990"},{"id":548502,"first_name":"Test_101","middle_name":"TC_004","last_name":"TCL_004","date_of_birth":"12/12/1990"},{"id":548500,"first_name":"Testing","middle_name":"Whatever","last_name":"World","date_of_birth":"12/31/2021"},{"id":548497,"first_name":"Test_101","middle_name":"TC_004","last_name":"TCL_004","date_of_birth":"12/12/1990"},{"id":548494,"first_name":"Test_101","middle_name":"TC_004","last_name":"TCL_004","date_of_birth":"12/12/1990"},{"id":548491,"first_name":"Test_101","middle_name":"TC_004","last_name":"TCL_004","date_of_birth":"12/12/1990"},{"id":548490,"first_name":"Test_101","middle_name":"TC_004","last_name":"TCL_004","date_of_birth":"12/12/1990"},{"id":548488,"first_name":"Test_101","middle_name":"TC_004","last_name":"TCL_004","date_of_birth":"12/12/1990"},{"id":548487,"first_name":"Test_101","middle_name":"TC_004","last_name":"TCL_004","date_of_birth":"12/12/1990"},{"id":548486,"first_name":"Test_004","middle_name":"TC_004","last_name":"TCL_004","date_of_birth":"12/12/1990"},{"id":548485,"first_name":"Test_004","middle_name":"TC_004","last_name":"TCL_004","date_of_birth":"12/12/1990"},{"id":548484,"first_name":"Test_004","middle_name":"TC_004","last_name":"TCL_004","date_of_birth":"12/12/1990"},{"id":548483,"first_name":"Yash","middle_name":"Sai","last_name":"Gorrepati","date_of_birth":"04/01/2000"},{"id":548482,"first_name":"Test_004","middle_name":"TC_004","last_name":"TCL_004","date_of_birth":"12/12/1990"},{"id":548481,"first_name":"Yash","middle_name":"middleName","last_name":"Gorrepati","date_of_birth":"04/01/2000"},{"id":548480,"first_name":"Test_004","middle_name":"TC_004","last_name":"TCL_004","date_of_birth":"12/12/1990"},{"id":548479,"first_name":"Test_004","middle_name":"TC_004","last_name":"TCL_004","date_of_birth":"12/12/1990"},{"id":548478,"first_name":"Test_004","middle_name":"TC_004","last_name":"TCL_004","date_of_birth":"12/12/1990"},{"id":548477,"first_name":"Test_004","middle_name":"TC_004","last_name":"TCL_004","date_of_birth":"12/12/1990"},{"id":548476,"first_name":"Test_004","middle_name":"TC_004","last_name":"TCL_004","date_of_birth":"12/12/1990"},{"id":548475,"first_name":"firstName","middle_name":"middleName","last_name":"Gorrepati","date_of_birth":"04/01/2000"},{"id":548474,"first_name":"Test_004","middle_name":"TC_004","last_name":"TCL_004","date_of_birth":"12/12/1990"},{"id":548473,"first_name":"firstName","middle_name":null,"last_name":"Gorrepati","date_of_birth":"04/01/2000"},{"id":548472,"first_name":"Test_004","middle_name":"TC_004","last_name":"TCL_004","date_of_birth":"12/12/1990"},{"id":548471,"first_name":"Test_004","middle_name":"TC_004","last_name":"TCL_004","date_of_birth":"12/12/1990"},{"id":548470,"first_name":"Test_004","middle_name":"TC_004","last_name":"TCL_004","date_of_birth":"12/12/1990"},{"id":548469,"first_name":"Test_004","middle_name":"TC_004","last_name":"TCL_004","date_of_birth":"12/12/1990"},{"id":548468,"first_name":"Test_004","middle_name":"TC_004","last_name":"TCL_004","date_of_birth":"12/12/1990"},{"id":548467,"first_name":"Test_004","middle_name":"TC_004","last_name":"TCL_004","date_of_birth":"12/12/1990"},{"id":548466,"first_name":"Test_004","middle_name":"TC_004","last_name":"TCL_004","date_of_birth":"12/12/1990"},{"id":548465,"first_name":"{{fist_name}}","middle_name":"{{middle_name}}","last_name":"{{last_name}}","date_of_birth":"{{date_of_birth}}"},{"id":548464,"first_name":"Test_004","middle_name":"TC_004","last_name":"TCL_004","date_of_birth":"12/12/1990"},{"id":548463,"first_name":"Test_004","middle_name":"TC_004","last_name":"TCL_004","date_of_birth":"12/12/1990"},{"id":548462,"first_name":"Test_004","middle_name":"TC_004","last_name":"TCL_004","date_of_birth":"12/12/1990"},{"id":548461,"first_name":"Test_004","middle_name":"TC_004","last_name":"TCL_004","date_of_birth":"12/12/1990"},{"id":548460,"first_name":"Test_004","middle_name":"TC_004","last_name":"TCL_004","date_of_birth":"12/12/1990"},{"id":548459,"first_name":"Test_004","middle_name":"TC_004","last_name":"TCL_004","date_of_birth":"12/12/1990"},{"id":548458,"first_name":"Test_004","middle_name":"TC_004","last_name":"TCL_004","date_of_birth":"12/12/1990"},{"id":548457,"first_name":"Test_004","middle_name":"TC_004","last_name":"TCL_004","date_of_birth":"12/12/1990"},{"id":548456,"first_name":"Test_004","middle_name":"TC_004","last_name":"TCL_004","date_of_birth":"12/12/1990"},{"id":548455,"first_name":"Test_004","middle_name":"TC_004","last_name":"TCL_004","date_of_birth":"12/12/1990"},{"id":548454,"first_name":"Test_004","middle_name":"TC_004","last_name":"TCL_004","date_of_birth":"12/12/1990"},{"id":548453,"first_name":"Test_004","middle_name":"TC_004","last_name":"TCL_004","date_of_birth":"12/12/1990"},{"id":548452,"first_name":"Test_004","middle_name":"TC_004","last_name":"TCL_004","date_of_birth":"12/12/1990"},{"id":548451,"first_name":"Test_004","middle_name":"TC_004","last_name":"TCL_004","date_of_birth":"12/12/1990"},{"id":548450,"first_name":"Test_004","middle_name":"TC_004","last_name":"TCL_004","date_of_birth":"12/12/1990"},{"id":548449,"first_name":"Sample1","middle_name":"Sample2","last_name":"Sample3","date_of_birth":"dob"},{"id":548448,"first_name":"Sample1","middle_name":"Sample2","last_name":"Sample3","date_of_birth":"dob"},{"id":548447,"first_name":"Sample1","middle_name":"Sample2","last_name":"Sample3","date_of_birth":"dob"},{"id":548446,"first_name":"Sample1","middle_name":"Sample2","last_name":"Sample3","date_of_birth":"dob"},{"id":548445,"first_name":"Sample1","middle_name":"Sample2","last_name":"Sample3","date_of_birth":"dob"},{"id":548444,"first_name":"Sample1","middle_name":"Sample2","last_name":"Sample3","date_of_birth":"dob"},{"id":548443,"first_name":"Sample1","middle_name":"Sample2","last_name":"Sample3","date_of_birth":"dob"},{"id":548442,"first_name":"Sample1","middle_name":"Sample2","last_name":"Sample3","date_of_birth":"dob"},{"id":548441,"first_name":"Sample1","middle_name":"Sample2","last_name":"Sample3","date_of_birth":"dob"},{"id":548440,"first_name":"Sample1","middle_name":"Sample2","last_name":"Sample3","date_of_birth":"dob"},{"id":548439,"first_name":"Sample1","middle_name":"Sample2","last_name":"Sample3","date_of_birth":"dob"},{"id":548438,"first_name":"Sample1","middle_name":"Sample2","last_name":"Sample3","date_of_birth":"dob"},{"id":548437,"first_name":"Sample1","middle_name":"Sample2","last_name":"Sample3","date_of_birth":"dob"},{"id":548436,"first_name":"Sample1","middle_name":"Sample2","last_name":"Sample3","date_of_birth":"dob"},{"id":548435,"first_name":"Sample1","middle_name":"Sample2","last_name":"Sample3","date_of_birth":"dob"},{"id":548434,"first_name":"Sample1","middle_name":"Sample2","last_name":"Sample3","date_of_birth":"dob"},{"id":548433,"first_name":"Sample1","middle_name":"Sample2","last_name":"Sample3","date_of_birth":"dob"},{"id":548432,"first_name":"Sample1","middle_name":"Sample2","last_name":"Sample3","date_of_birth":"dob"},{"id":548431,"first_name":"Sample1","middle_name":"Sample2","last_name":"Sample3","date_of_birth":"dob"},{"id":548430,"first_name":"Sample1","middle_name":"Sample2","last_name":"Sample3","date_of_birth":"dob"},{"id":548429,"first_name":"Sample1","middle_name":"Sample2","last_name":"Sample3","date_of_birth":"dob"},{"id":548428,"first_name":"Sample1","middle_name":"Sample2","last_name":"Sample3","date_of_birth":"dob"},{"id":548427,"first_name":"Sample1","middle_name":"Sample2","last_name":"Sample3","date_of_birth":"dob"},{"id":548426,"first_name":"Sample1","middle_name":"Sample2","last_name":"Sample3","date_of_birth":"dob"},{"id":548425,"first_name":"Sample1","middle_name":"Sample2","last_name":"Sample3","date_of_birth":"dob"},{"id":548424,"first_name":"Sample1","middle_name":"Sample2","last_name":"Sample3","date_of_birth":"dob"},{"id":548423,"first_name":"Sample1","middle_name":"Sample2","last_name":"Sample3","date_of_birth":"dob"},{"id":548422,"first_name":"Sample1","middle_name":"Sample2","last_name":"Sample3","date_of_birth":"dob"},{"id":548421,"first_name":"Sample1","middle_name":"Sample2","last_name":"Sample3","date_of_birth":"dob"},{"id":548420,"first_name":"Sample1","middle_name":"Sample2","last_name":"Sample3","date_of_birth":"dob"},{"id":548419,"f... (set the log level to DEBUG or TRACE to see the full content) 
 </msg>
<msg timestamp="20220131 23:14:34.129" level="INFO">${response} = &lt;Response [200]&gt;</msg>
<status status="PASS" starttime="20220131 23:14:33.860" endtime="20220131 23:14:34.129"/>
</kw>
<kw name="Convert To String" library="BuiltIn">
<var>${actual_code}</var>
<arg>${response.status_code}</arg>
<doc>Converts the given item to a Unicode string.</doc>
<msg timestamp="20220131 23:14:34.130" level="INFO">${actual_code} = 200</msg>
<status status="PASS" starttime="20220131 23:14:34.129" endtime="20220131 23:14:34.130"/>
</kw>
<kw name="Should Be Equal" library="BuiltIn">
<arg>${actual_code}</arg>
<arg>200</arg>
<doc>Fails if the given objects are unequal.</doc>
<status status="PASS" starttime="20220131 23:14:34.130" endtime="20220131 23:14:34.130"/>
</kw>
<kw name="Log To Console" library="BuiltIn">
<arg>${actual_code}</arg>
<doc>Logs the given message to the console.</doc>
<status status="PASS" starttime="20220131 23:14:34.130" endtime="20220131 23:14:34.130"/>
</kw>
<kw name="Log To Console" library="BuiltIn">
<arg>${response.content}</arg>
<doc>Logs the given message to the console.</doc>
<status status="PASS" starttime="20220131 23:14:34.130" endtime="20220131 23:14:34.132"/>
</kw>
<status status="PASS" starttime="20220131 23:14:33.859" endtime="20220131 23:14:34.132"/>
</kw>
<kw name="ADD_DATA" library="resource">
<kw name="Create Session" library="RequestsLibrary">
<arg>AddData</arg>
<arg>${base_url}</arg>
<doc>Create Session: create a HTTP session to a server</doc>
<msg timestamp="20220131 23:14:34.133" level="INFO">Creating Session using : alias=AddData, url=http://thetestingworldapi.com/, headers={},                     cookies={}, auth=None, timeout=None, proxies=None, verify=False,                     debug=0 </msg>
<status status="PASS" starttime="20220131 23:14:34.133" endtime="20220131 23:14:34.133"/>
</kw>
<kw name="Create Dictionary" library="BuiltIn">
<var>${body}</var>
<arg>first_name=Test_004</arg>
<arg>middle_name=TC_004</arg>
<arg>last_name=TCL_004</arg>
<arg>date_of_birth=12/12/1990</arg>
<doc>Creates and returns a dictionary based on the given ``items``.</doc>
<msg timestamp="20220131 23:14:34.134" level="INFO">${body} = {'first_name': 'Test_004', 'middle_name': 'TC_004', 'last_name': 'TCL_004', 'date_of_birth': '12/12/1990'}</msg>
<status status="PASS" starttime="20220131 23:14:34.134" endtime="20220131 23:14:34.134"/>
</kw>
<kw name="POST On Session" library="RequestsLibrary">
<var>${response}</var>
<arg>AddData</arg>
<arg>/api/studentsDetails/</arg>
<arg>data=${body}</arg>
<arg>expected_status=201</arg>
<doc>Sends a POST request on a previously created HTTP Session.</doc>
<msg timestamp="20220131 23:14:34.301" level="INFO">POST Request : url=http://thetestingworldapi.com/api/studentsDetails/ 
 path_url=/api/studentsDetails/ 
 headers={'User-Agent': 'python-requests/2.26.0', 'Accept-Encoding': 'gzip, deflate', 'Accept': '*/*', 'Connection': 'keep-alive', 'Content-Length': '85', 'Content-Type': 'application/x-www-form-urlencoded'} 
 body=first_name=Test_004&amp;middle_name=TC_004&amp;last_name=TCL_004&amp;date_of_birth=12%2F12%2F1990 
 </msg>
<msg timestamp="20220131 23:14:34.301" level="INFO">POST Response : url=http://thetestingworldapi.com/api/studentsDetails/ 
 status=201, reason=Created 
 headers={'Cache-Control': 'no-cache', 'Pragma': 'no-cache', 'Content-Type': 'application/json; charset=utf-8', 'Expires': '-1', 'Location': 'http://thetestingworldapi.com/api/studentsDetails/548520', 'Server': 'Microsoft-IIS/8.5', 'X-AspNet-Version': '4.0.30319', 'X-Powered-By': 'ASP.NET', 'X-Powered-By-Plesk': 'PleskWin', 'Date': 'Mon, 31 Jan 2022 16:14:35 GMT', 'Content-Length': '111'} 
 body={"id":548520,"first_name":"Test_004","middle_name":"TC_004","last_name":"TCL_004","date_of_birth":"12/12/1990"} 
 </msg>
<msg timestamp="20220131 23:14:34.302" level="INFO">${response} = &lt;Response [201]&gt;</msg>
<status status="PASS" starttime="20220131 23:14:34.134" endtime="20220131 23:14:34.302"/>
</kw>
<kw name="Convert To String" library="BuiltIn">
<var>${actual_code}</var>
<arg>${response.status_code}</arg>
<doc>Converts the given item to a Unicode string.</doc>
<msg timestamp="20220131 23:14:34.303" level="INFO">${actual_code} = 201</msg>
<status status="PASS" starttime="20220131 23:14:34.302" endtime="20220131 23:14:34.303"/>
</kw>
<kw name="Should Be Equal As Strings" library="BuiltIn">
<arg>${body["first_name"]}</arg>
<arg>${response.json()}[first_name]</arg>
<doc>Fails if objects are unequal after converting them to strings.</doc>
<status status="PASS" starttime="20220131 23:14:34.303" endtime="20220131 23:14:34.311"/>
</kw>
<kw name="Should Be Equal As Strings" library="BuiltIn">
<arg>${body["middle_name"]}</arg>
<arg>${response.json()}[middle_name]</arg>
<doc>Fails if objects are unequal after converting them to strings.</doc>
<status status="PASS" starttime="20220131 23:14:34.311" endtime="20220131 23:14:34.313"/>
</kw>
<kw name="Should Be Equal As Strings" library="BuiltIn">
<arg>${body["last_name"]}</arg>
<arg>${response.json()}[last_name]</arg>
<doc>Fails if objects are unequal after converting them to strings.</doc>
<status status="PASS" starttime="20220131 23:14:34.313" endtime="20220131 23:14:34.315"/>
</kw>
<kw name="Should Be Equal As Strings" library="BuiltIn">
<arg>${body["date_of_birth"]}</arg>
<arg>${response.json()}[date_of_birth]</arg>
<doc>Fails if objects are unequal after converting them to strings.</doc>
<status status="PASS" starttime="20220131 23:14:34.315" endtime="20220131 23:14:34.317"/>
</kw>
<kw name="Should Be Equal" library="BuiltIn">
<arg>${actual_code}</arg>
<arg>201</arg>
<doc>Fails if the given objects are unequal.</doc>
<status status="PASS" starttime="20220131 23:14:34.317" endtime="20220131 23:14:34.318"/>
</kw>
<kw name="Log To Console" library="BuiltIn">
<arg>${actual_code}</arg>
<doc>Logs the given message to the console.</doc>
<status status="PASS" starttime="20220131 23:14:34.318" endtime="20220131 23:14:34.319"/>
</kw>
<kw name="Set Variable" library="BuiltIn">
<var>${json_object}</var>
<arg>${response.json()}</arg>
<doc>Returns the given values which can then be assigned to a variables.</doc>
<msg timestamp="20220131 23:14:34.320" level="INFO">${json_object} = {'id': 548520, 'first_name': 'Test_004', 'middle_name': 'TC_004', 'last_name': 'TCL_004', 'date_of_birth': '12/12/1990'}</msg>
<status status="PASS" starttime="20220131 23:14:34.319" endtime="20220131 23:14:34.320"/>
</kw>
<kw name="Get Value From Json" library="JSONLibrary">
<var>${id}</var>
<arg>${json_object}</arg>
<arg>id</arg>
<doc>Get Value From JSON using JSONPath</doc>
<msg timestamp="20220131 23:14:34.377" level="INFO">${id} = [548520]</msg>
<status status="PASS" starttime="20220131 23:14:34.320" endtime="20220131 23:14:34.378"/>
</kw>
<kw name="Convert JSON To String" library="JSONLibrary">
<var>${id_student}</var>
<arg>${id[0]}</arg>
<doc>Convert JSON object to string</doc>
<msg timestamp="20220131 23:14:34.378" level="INFO">${id_student} = 548520</msg>
<status status="PASS" starttime="20220131 23:14:34.378" endtime="20220131 23:14:34.378"/>
</kw>
<kw name="Set Global Variable" library="BuiltIn">
<arg>${id_student}</arg>
<doc>Makes a variable available globally in all tests and suites.</doc>
<msg timestamp="20220131 23:14:34.379" level="INFO">${id_student} = 548520</msg>
<status status="PASS" starttime="20220131 23:14:34.378" endtime="20220131 23:14:34.379"/>
</kw>
<kw name="Log To Console" library="BuiltIn">
<arg>${response.content}</arg>
<doc>Logs the given message to the console.</doc>
<status status="PASS" starttime="20220131 23:14:34.379" endtime="20220131 23:14:34.380"/>
</kw>
<status status="PASS" starttime="20220131 23:14:34.133" endtime="20220131 23:14:34.380"/>
</kw>
<kw name="CHECKUPDATE_DATA" library="resource">
<kw name="Create Session" library="RequestsLibrary">
<arg>GetData</arg>
<arg>${base_url}</arg>
<doc>Create Session: create a HTTP session to a server</doc>
<msg timestamp="20220131 23:14:34.381" level="INFO">Creating Session using : alias=GetData, url=http://thetestingworldapi.com/, headers={},                     cookies={}, auth=None, timeout=None, proxies=None, verify=False,                     debug=0 </msg>
<status status="PASS" starttime="20220131 23:14:34.381" endtime="20220131 23:14:34.381"/>
</kw>
<kw name="GET On Session" library="RequestsLibrary">
<var>${response}</var>
<arg>GetData</arg>
<arg>http://thetestingworldapi.com/api/studentsDetails/${id_student}</arg>
<arg>expected_status=200</arg>
<doc>Sends a GET request on a previously created HTTP Session.</doc>
<msg timestamp="20220131 23:14:34.524" level="INFO">GET Request : url=http://thetestingworldapi.com/api/studentsDetails/548520 
 path_url=/api/studentsDetails/548520 
 headers={'User-Agent': 'python-requests/2.26.0', 'Accept-Encoding': 'gzip, deflate', 'Accept': '*/*', 'Connection': 'keep-alive'} 
 body=None 
 </msg>
<msg timestamp="20220131 23:14:34.524" level="INFO">GET Response : url=http://thetestingworldapi.com/api/studentsDetails/548520 
 status=200, reason=OK 
 headers={'Cache-Control': 'no-cache', 'Pragma': 'no-cache', 'Content-Type': 'application/json; charset=utf-8', 'Expires': '-1', 'Server': 'Microsoft-IIS/8.5', 'X-AspNet-Version': '4.0.30319', 'X-Powered-By': 'ASP.NET', 'X-Powered-By-Plesk': 'PleskWin', 'Date': 'Mon, 31 Jan 2022 16:14:35 GMT', 'Content-Length': '136'} 
 body={"status":"true","data":{"id":548520,"first_name":"Test_004","middle_name":"TC_004","last_name":"TCL_004","date_of_birth":"12/12/1990"}} 
 </msg>
<msg timestamp="20220131 23:14:34.524" level="INFO">${response} = &lt;Response [200]&gt;</msg>
<status status="PASS" starttime="20220131 23:14:34.381" endtime="20220131 23:14:34.524"/>
</kw>
<kw name="Convert To String" library="BuiltIn">
<var>${actual_code}</var>
<arg>${response.status_code}</arg>
<doc>Converts the given item to a Unicode string.</doc>
<msg timestamp="20220131 23:14:34.525" level="INFO">${actual_code} = 200</msg>
<status status="PASS" starttime="20220131 23:14:34.525" endtime="20220131 23:14:34.525"/>
</kw>
<kw name="Should Be Equal" library="BuiltIn">
<arg>${actual_code}</arg>
<arg>200</arg>
<doc>Fails if the given objects are unequal.</doc>
<status status="PASS" starttime="20220131 23:14:34.525" endtime="20220131 23:14:34.526"/>
</kw>
<kw name="Log To Console" library="BuiltIn">
<arg>${actual_code}</arg>
<doc>Logs the given message to the console.</doc>
<status status="PASS" starttime="20220131 23:14:34.526" endtime="20220131 23:14:34.526"/>
</kw>
<kw name="Set Variable" library="BuiltIn">
<var>${json_object}</var>
<arg>${response.json()}</arg>
<doc>Returns the given values which can then be assigned to a variables.</doc>
<msg timestamp="20220131 23:14:34.527" level="INFO">${json_object} = {'status': 'true', 'data': {'id': 548520, 'first_name': 'Test_004', 'middle_name': 'TC_004', 'last_name': 'TCL_004', 'date_of_birth': '12/12/1990'}}</msg>
<status status="PASS" starttime="20220131 23:14:34.526" endtime="20220131 23:14:34.527"/>
</kw>
<kw name="Get Value From Json" library="JSONLibrary">
<var>${id}</var>
<arg>${json_object}</arg>
<arg>data.id</arg>
<doc>Get Value From JSON using JSONPath</doc>
<msg timestamp="20220131 23:14:34.556" level="INFO">${id} = [548520]</msg>
<status status="PASS" starttime="20220131 23:14:34.527" endtime="20220131 23:14:34.556"/>
</kw>
<kw name="Log To Console" library="BuiltIn">
<arg>${response.content}</arg>
<doc>Logs the given message to the console.</doc>
<status status="PASS" starttime="20220131 23:14:34.556" endtime="20220131 23:14:34.557"/>
</kw>
<status status="PASS" starttime="20220131 23:14:34.380" endtime="20220131 23:14:34.557"/>
</kw>
<kw name="PATCH_DATA" library="resource">
<kw name="Create Session" library="RequestsLibrary">
<arg>PatchData</arg>
<arg>${base_url}</arg>
<doc>Create Session: create a HTTP session to a server</doc>
<msg timestamp="20220131 23:14:34.558" level="INFO">Creating Session using : alias=PatchData, url=http://thetestingworldapi.com/, headers={},                     cookies={}, auth=None, timeout=None, proxies=None, verify=False,                     debug=0 </msg>
<status status="PASS" starttime="20220131 23:14:34.558" endtime="20220131 23:14:34.558"/>
</kw>
<kw name="Create Dictionary" library="BuiltIn">
<var>${body}</var>
<arg>id=${id_student}</arg>
<arg>first_name=Test_101</arg>
<arg>middle_name=TC_004</arg>
<arg>last_name=TCL_004</arg>
<arg>date_of_birth=12/12/1990</arg>
<doc>Creates and returns a dictionary based on the given ``items``.</doc>
<msg timestamp="20220131 23:14:34.559" level="INFO">${body} = {'id': '548520', 'first_name': 'Test_101', 'middle_name': 'TC_004', 'last_name': 'TCL_004', 'date_of_birth': '12/12/1990'}</msg>
<status status="PASS" starttime="20220131 23:14:34.558" endtime="20220131 23:14:34.559"/>
</kw>
<kw name="PUT On Session" library="RequestsLibrary">
<var>${response}</var>
<arg>PatchData</arg>
<arg>/api/studentsDetails/${id_student}</arg>
<arg>data=${body}</arg>
<arg>expected_status=200</arg>
<doc>Sends a PUT request on a previously created HTTP Session.</doc>
<msg timestamp="20220131 23:14:34.706" level="INFO">PUT Request : url=http://thetestingworldapi.com/api/studentsDetails/548520 
 path_url=/api/studentsDetails/548520 
 headers={'User-Agent': 'python-requests/2.26.0', 'Accept-Encoding': 'gzip, deflate', 'Accept': '*/*', 'Connection': 'keep-alive', 'Content-Length': '95', 'Content-Type': 'application/x-www-form-urlencoded'} 
 body=id=548520&amp;first_name=Test_101&amp;middle_name=TC_004&amp;last_name=TCL_004&amp;date_of_birth=12%2F12%2F1990 
 </msg>
<msg timestamp="20220131 23:14:34.706" level="INFO">PUT Response : url=http://thetestingworldapi.com/api/studentsDetails/548520 
 status=200, reason=OK 
 headers={'Cache-Control': 'no-cache', 'Pragma': 'no-cache', 'Content-Type': 'application/json; charset=utf-8', 'Expires': '-1', 'Server': 'Microsoft-IIS/8.5', 'X-AspNet-Version': '4.0.30319', 'X-Powered-By': 'ASP.NET', 'X-Powered-By-Plesk': 'PleskWin', 'Date': 'Mon, 31 Jan 2022 16:14:35 GMT', 'Content-Length': '46'} 
 body={"status":"true","msg":"update  data success"} 
 </msg>
<msg timestamp="20220131 23:14:34.707" level="INFO">${response} = &lt;Response [200]&gt;</msg>
<status status="PASS" starttime="20220131 23:14:34.559" endtime="20220131 23:14:34.707"/>
</kw>
<kw name="Convert To String" library="BuiltIn">
<var>${actual_code}</var>
<arg>${response.status_code}</arg>
<doc>Converts the given item to a Unicode string.</doc>
<msg timestamp="20220131 23:14:34.707" level="INFO">${actual_code} = 200</msg>
<status status="PASS" starttime="20220131 23:14:34.707" endtime="20220131 23:14:34.707"/>
</kw>
<kw name="Should Be Equal" library="BuiltIn">
<arg>${actual_code}</arg>
<arg>200</arg>
<doc>Fails if the given objects are unequal.</doc>
<status status="PASS" starttime="20220131 23:14:34.707" endtime="20220131 23:14:34.708"/>
</kw>
<kw name="Log To Console" library="BuiltIn">
<arg>${actual_code}</arg>
<doc>Logs the given message to the console.</doc>
<status status="PASS" starttime="20220131 23:14:34.708" endtime="20220131 23:14:34.708"/>
</kw>
<kw name="Log To Console" library="BuiltIn">
<arg>${response.content}</arg>
<doc>Logs the given message to the console.</doc>
<status status="PASS" starttime="20220131 23:14:34.708" endtime="20220131 23:14:34.709"/>
</kw>
<kw name="GET On Session" library="RequestsLibrary">
<var>${response}</var>
<arg>PatchData</arg>
<arg>/api/studentsDetails/${id_student}</arg>
<arg>expected_status=200</arg>
<doc>Sends a GET request on a previously created HTTP Session.</doc>
<msg timestamp="20220131 23:14:34.791" level="INFO">GET Request : url=http://thetestingworldapi.com/api/studentsDetails/548520 
 path_url=/api/studentsDetails/548520 
 headers={'User-Agent': 'python-requests/2.26.0', 'Accept-Encoding': 'gzip, deflate', 'Accept': '*/*', 'Connection': 'keep-alive'} 
 body=None 
 </msg>
<msg timestamp="20220131 23:14:34.792" level="INFO">GET Response : url=http://thetestingworldapi.com/api/studentsDetails/548520 
 status=200, reason=OK 
 headers={'Cache-Control': 'no-cache', 'Pragma': 'no-cache', 'Content-Type': 'application/json; charset=utf-8', 'Expires': '-1', 'Server': 'Microsoft-IIS/8.5', 'X-AspNet-Version': '4.0.30319', 'X-Powered-By': 'ASP.NET', 'X-Powered-By-Plesk': 'PleskWin', 'Date': 'Mon, 31 Jan 2022 16:14:35 GMT', 'Content-Length': '136'} 
 body={"status":"true","data":{"id":548520,"first_name":"Test_101","middle_name":"TC_004","last_name":"TCL_004","date_of_birth":"12/12/1990"}} 
 </msg>
<msg timestamp="20220131 23:14:34.792" level="INFO">${response} = &lt;Response [200]&gt;</msg>
<status status="PASS" starttime="20220131 23:14:34.709" endtime="20220131 23:14:34.792"/>
</kw>
<kw name="Should Be Equal As Strings" library="BuiltIn">
<arg>${body["first_name"]}</arg>
<arg>${response.json()}[data][first_name]</arg>
<doc>Fails if objects are unequal after converting them to strings.</doc>
<status status="PASS" starttime="20220131 23:14:34.792" endtime="20220131 23:14:34.793"/>
</kw>
<kw name="Log To Console" library="BuiltIn">
<arg>${response.content}</arg>
<doc>Logs the given message to the console.</doc>
<status status="PASS" starttime="20220131 23:14:34.793" endtime="20220131 23:14:34.794"/>
</kw>
<status status="PASS" starttime="20220131 23:14:34.558" endtime="20220131 23:14:34.794"/>
</kw>
<kw name="DELETE_DATA" library="resource">
<kw name="Create Session" library="RequestsLibrary">
<arg>DeleteData</arg>
<arg>${base_url}</arg>
<doc>Create Session: create a HTTP session to a server</doc>
<msg timestamp="20220131 23:14:34.795" level="INFO">Creating Session using : alias=DeleteData, url=http://thetestingworldapi.com/, headers={},                     cookies={}, auth=None, timeout=None, proxies=None, verify=False,                     debug=0 </msg>
<status status="PASS" starttime="20220131 23:14:34.795" endtime="20220131 23:14:34.795"/>
</kw>
<kw name="DELETE On Session" library="RequestsLibrary">
<var>${response}</var>
<arg>DeleteData</arg>
<arg>/api/studentsDetails/${id_student}</arg>
<arg>expected_status=200</arg>
<doc>Sends a DELETE request on a previously created HTTP Session.</doc>
<msg timestamp="20220131 23:14:34.942" level="INFO">DELETE Request : url=http://thetestingworldapi.com/api/studentsDetails/548520 
 path_url=/api/studentsDetails/548520 
 headers={'User-Agent': 'python-requests/2.26.0', 'Accept-Encoding': 'gzip, deflate', 'Accept': '*/*', 'Connection': 'keep-alive', 'Content-Length': '0'} 
 body=None 
 </msg>
<msg timestamp="20220131 23:14:34.942" level="INFO">DELETE Response : url=http://thetestingworldapi.com/api/studentsDetails/548520 
 status=200, reason=OK 
 headers={'Cache-Control': 'no-cache', 'Pragma': 'no-cache', 'Content-Type': 'application/json; charset=utf-8', 'Expires': '-1', 'Server': 'Microsoft-IIS/8.5', 'X-AspNet-Version': '4.0.30319', 'X-Powered-By': 'ASP.NET', 'X-Powered-By-Plesk': 'PleskWin', 'Date': 'Mon, 31 Jan 2022 16:14:35 GMT', 'Content-Length': '46'} 
 body={"status":"true","msg":"Delete  data success"} 
 </msg>
<msg timestamp="20220131 23:14:34.942" level="INFO">${response} = &lt;Response [200]&gt;</msg>
<status status="PASS" starttime="20220131 23:14:34.795" endtime="20220131 23:14:34.943"/>
</kw>
<kw name="Convert JSON To String" library="JSONLibrary">
<var>${actual_code}</var>
<arg>${response.status_code}</arg>
<doc>Convert JSON object to string</doc>
<msg timestamp="20220131 23:14:34.943" level="INFO">${actual_code} = 200</msg>
<status status="PASS" starttime="20220131 23:14:34.943" endtime="20220131 23:14:34.943"/>
</kw>
<kw name="Should Be Equal" library="BuiltIn">
<arg>${actual_code}</arg>
<arg>200</arg>
<doc>Fails if the given objects are unequal.</doc>
<status status="PASS" starttime="20220131 23:14:34.943" endtime="20220131 23:14:34.944"/>
</kw>
<kw name="Log To Console" library="BuiltIn">
<arg>${actual_code}</arg>
<doc>Logs the given message to the console.</doc>
<status status="PASS" starttime="20220131 23:14:34.944" endtime="20220131 23:14:34.944"/>
</kw>
<kw name="Log To Console" library="BuiltIn">
<arg>${response.content}</arg>
<doc>Logs the given message to the console.</doc>
<status status="PASS" starttime="20220131 23:14:34.945" endtime="20220131 23:14:34.946"/>
</kw>
<kw name="Set Variable" library="BuiltIn">
<var>${jsonresponse}</var>
<arg>${response.json()}</arg>
<doc>Returns the given values which can then be assigned to a variables.</doc>
<msg timestamp="20220131 23:14:34.947" level="INFO">${jsonresponse} = {'status': 'true', 'msg': 'Delete  data success'}</msg>
<status status="PASS" starttime="20220131 23:14:34.946" endtime="20220131 23:14:34.947"/>
</kw>
<kw name="Get Value From Json" library="JSONLibrary">
<var>${status_list}</var>
<arg>${jsonresponse}</arg>
<arg>status</arg>
<doc>Get Value From JSON using JSONPath</doc>
<msg timestamp="20220131 23:14:34.970" level="INFO">${status_list} = ['true']</msg>
<status status="PASS" starttime="20220131 23:14:34.947" endtime="20220131 23:14:34.970"/>
</kw>
<kw name="Get From List" library="Collections">
<var>${status}</var>
<arg>${status_list}</arg>
<arg>0</arg>
<doc>Returns the value specified with an ``index`` from ``list``.</doc>
<msg timestamp="20220131 23:14:34.970" level="INFO">${status} = true</msg>
<status status="PASS" starttime="20220131 23:14:34.970" endtime="20220131 23:14:34.970"/>
</kw>
<kw name="Should Be Equal" library="BuiltIn">
<arg>${status}</arg>
<arg>true</arg>
<doc>Fails if the given objects are unequal.</doc>
<status status="PASS" starttime="20220131 23:14:34.970" endtime="20220131 23:14:34.971"/>
</kw>
<kw name="Log To Console" library="BuiltIn">
<arg>${status}</arg>
<doc>Logs the given message to the console.</doc>
<status status="PASS" starttime="20220131 23:14:34.971" endtime="20220131 23:14:34.971"/>
</kw>
<status status="PASS" starttime="20220131 23:14:34.794" endtime="20220131 23:14:34.971"/>
</kw>
<status status="PASS" starttime="20220131 23:14:33.858" endtime="20220131 23:14:34.972"/>
</test>
<status status="PASS" starttime="20220131 23:14:32.769" endtime="20220131 23:14:34.988"/>
</suite>
<statistics>
<total>
<stat pass="1" fail="0" skip="0">All Tests</stat>
</total>
<tag>
</tag>
<suite>
<stat pass="1" fail="0" skip="0" id="s1" name="Restapi">Restapi</stat>
</suite>
</statistics>
<errors>
</errors>
</robot>
